<?xml version="1.0" encoding="UTF-8"?>
<testsuite xmlns:xsi="http://www.w3.org/2001/XMLSchema-instance" xsi:noNamespaceSchemaLocation="https://maven.apache.org/surefire/maven-surefire-plugin/xsd/surefire-test-report-3.0.xsd" version="3.0" name="com.sparta.jsonvoorhees.springapi.service.ServiceLayerTest" time="6.846" tests="49" errors="0" skipped="0" failures="0">
  <properties>
[...]
</properties>
  <testcase name="TestDeleteComment" classname="com.sparta.jsonvoorhees.springapi.service.ServiceLayerTest" time="0.132">
    <system-out><![CDATA[15:33:57.083 [main] INFO org.springframework.test.context.support.AnnotationConfigContextLoaderUtils -- Could not detect default configuration classes for test class [com.sparta.jsonvoorhees.springapi.service.ServiceLayerTest]: ServiceLayerTest does not declare any static, non-private, non-final, nested classes annotated with @Configuration.
15:33:57.198 [main] INFO org.springframework.boot.test.context.SpringBootTestContextBootstrapper -- Found @SpringBootConfiguration com.sparta.jsonvoorhees.springapi.SpringapiApplication for test class com.sparta.jsonvoorhees.springapi.service.ServiceLayerTest
15:33:57.372 [main] INFO org.springframework.boot.devtools.restart.RestartApplicationListener -- Restart disabled due to context in which it is running

  .   ____          _            __ _ _
 /\\ / ___'_ __ _ _(_)_ __  __ _ \ \ \ \
( ( )\___ | '_ | '_| | '_ \/ _` | \ \ \ \
 \\/  ___)| |_)| | | | | || (_| |  ) ) ) )
  '  |____| .__|_| |_|_| |_\__, | / / / /
 =========|_|==============|___/=/_/_/_/
 :: Spring Boot ::                (v3.1.5)

2023-11-09T15:33:57.624Z  INFO 19676 --- [           main] c.s.j.s.service.ServiceLayerTest         : Starting ServiceLayerTest using Java 17.0.8.1 with PID 19676 (started by MGadhvi in C:\Users\MGadhvi\sparta\code\JSONVoorheesDb\springapi)
2023-11-09T15:33:57.627Z  INFO 19676 --- [           main] c.s.j.s.service.ServiceLayerTest         : No active profile set, falling back to 1 default profile: "default"
2023-11-09T15:33:58.533Z  INFO 19676 --- [           main] .s.d.r.c.RepositoryConfigurationDelegate : Bootstrapping Spring Data MongoDB repositories in DEFAULT mode.
2023-11-09T15:33:58.671Z  INFO 19676 --- [           main] .s.d.r.c.RepositoryConfigurationDelegate : Finished Spring Data repository scanning in 132 ms. Found 6 MongoDB repository interfaces.
2023-11-09T15:33:59.538Z  INFO 19676 --- [1on.mongodb.net] org.mongodb.driver.cluster               : Adding discovered server ac-jv9akm5-shard-00-01.ojwn1on.mongodb.net:27017 to client view of cluster
2023-11-09T15:33:59.571Z  INFO 19676 --- [           main] org.mongodb.driver.client                : MongoClient with metadata {"driver": {"name": "mongo-java-driver|sync|spring-boot", "version": "4.9.1"}, "os": {"type": "Windows", "name": "Windows 11", "architecture": "amd64", "version": "10.0"}, "platform": "Java/Eclipse Adoptium/17.0.8.1+1"} created with settings MongoClientSettings{readPreference=primary, writeConcern=WriteConcern{w=null, wTimeout=null ms, journal=null}, retryWrites=true, retryReads=true, readConcern=ReadConcern{level=null}, credential=MongoCredential{mechanism=null, userName='databaseuser', source='admin', password=<hidden>, mechanismProperties=<hidden>}, streamFactoryFactory=null, commandListeners=[], codecRegistry=ProvidersCodecRegistry{codecProviders=[ValueCodecProvider{}, BsonValueCodecProvider{}, DBRefCodecProvider{}, DBObjectCodecProvider{}, DocumentCodecProvider{}, CollectionCodecProvider{}, IterableCodecProvider{}, MapCodecProvider{}, GeoJsonCodecProvider{}, GridFSFileCodecProvider{}, Jsr310CodecProvider{}, JsonObjectCodecProvider{}, BsonCodecProvider{}, EnumCodecProvider{}, com.mongodb.client.model.mql.ExpressionCodecProvider@b30a50d, com.mongodb.Jep395RecordCodecProvider@764a3e5d]}, loggerSettings=LoggerSettings{maxDocumentLength=1000}, clusterSettings={hosts=[127.0.0.1:27017], srvHost=moviescluster.ojwn1on.mongodb.net, srvServiceName=mongodb, mode=MULTIPLE, requiredClusterType=REPLICA_SET, requiredReplicaSetName='atlas-5p2hqv-shard-0', serverSelector='null', clusterListeners='[]', serverSelectionTimeout='30000 ms', localThreshold='30000 ms'}, socketSettings=SocketSettings{connectTimeoutMS=10000, readTimeoutMS=0, receiveBufferSize=0, sendBufferSize=0}, heartbeatSocketSettings=SocketSettings{connectTimeoutMS=10000, readTimeoutMS=10000, receiveBufferSize=0, sendBufferSize=0}, connectionPoolSettings=ConnectionPoolSettings{maxSize=100, minSize=0, maxWaitTimeMS=120000, maxConnectionLifeTimeMS=0, maxConnectionIdleTimeMS=0, maintenanceInitialDelayMS=0, maintenanceFrequencyMS=60000, connectionPoolListeners=[], maxConnecting=2}, serverSettings=ServerSettings{heartbeatFrequencyMS=10000, minHeartbeatFrequencyMS=500, serverListeners='[]', serverMonitorListeners='[]'}, sslSettings=SslSettings{enabled=true, invalidHostNameAllowed=false, context=null}, applicationName='null', compressorList=[], uuidRepresentation=JAVA_LEGACY, serverApi=null, autoEncryptionSettings=null, contextProvider=null}
2023-11-09T15:33:59.581Z  INFO 19676 --- [1on.mongodb.net] org.mongodb.driver.cluster               : Adding discovered server ac-jv9akm5-shard-00-02.ojwn1on.mongodb.net:27017 to client view of cluster
2023-11-09T15:33:59.583Z  INFO 19676 --- [1on.mongodb.net] org.mongodb.driver.cluster               : Adding discovered server ac-jv9akm5-shard-00-00.ojwn1on.mongodb.net:27017 to client view of cluster
2023-11-09T15:34:00.270Z  INFO 19676 --- [ngodb.net:27017] org.mongodb.driver.cluster               : Monitor thread successfully connected to server with description ServerDescription{address=ac-jv9akm5-shard-00-01.ojwn1on.mongodb.net:27017, type=REPLICA_SET_PRIMARY, state=CONNECTED, ok=true, minWireVersion=0, maxWireVersion=17, maxDocumentSize=16777216, logicalSessionTimeoutMinutes=30, roundTripTimeNanos=322769300, setName='atlas-5p2hqv-shard-0', canonicalAddress=ac-jv9akm5-shard-00-01.ojwn1on.mongodb.net:27017, hosts=[ac-jv9akm5-shard-00-00.ojwn1on.mongodb.net:27017, ac-jv9akm5-shard-00-01.ojwn1on.mongodb.net:27017, ac-jv9akm5-shard-00-02.ojwn1on.mongodb.net:27017], passives=[], arbiters=[], primary='ac-jv9akm5-shard-00-01.ojwn1on.mongodb.net:27017', tagSet=TagSet{[Tag{name='nodeType', value='ELECTABLE'}, Tag{name='provider', value='AWS'}, Tag{name='region', value='EU_WEST_1'}, Tag{name='workloadType', value='OPERATIONAL'}]}, electionId=7fffffff00000000000000fc, setVersion=7, topologyVersion=TopologyVersion{processId=65328fc3b78d89d7667aa9fd, counter=6}, lastWriteDate=Thu Nov 09 15:34:01 GMT 2023, lastUpdateTimeNanos=714476505477300}
2023-11-09T15:34:00.271Z  INFO 19676 --- [ngodb.net:27017] org.mongodb.driver.cluster               : Monitor thread successfully connected to server with description ServerDescription{address=ac-jv9akm5-shard-00-02.ojwn1on.mongodb.net:27017, type=REPLICA_SET_SECONDARY, state=CONNECTED, ok=true, minWireVersion=0, maxWireVersion=17, maxDocumentSize=16777216, logicalSessionTimeoutMinutes=30, roundTripTimeNanos=322447500, setName='atlas-5p2hqv-shard-0', canonicalAddress=ac-jv9akm5-shard-00-02.ojwn1on.mongodb.net:27017, hosts=[ac-jv9akm5-shard-00-00.ojwn1on.mongodb.net:27017, ac-jv9akm5-shard-00-01.ojwn1on.mongodb.net:27017, ac-jv9akm5-shard-00-02.ojwn1on.mongodb.net:27017], passives=[], arbiters=[], primary='ac-jv9akm5-shard-00-01.ojwn1on.mongodb.net:27017', tagSet=TagSet{[Tag{name='nodeType', value='ELECTABLE'}, Tag{name='provider', value='AWS'}, Tag{name='region', value='EU_WEST_1'}, Tag{name='workloadType', value='OPERATIONAL'}]}, electionId=null, setVersion=7, topologyVersion=TopologyVersion{processId=6532918d91be4324a0f8087d, counter=3}, lastWriteDate=Thu Nov 09 15:34:01 GMT 2023, lastUpdateTimeNanos=714476505819000}
2023-11-09T15:34:00.271Z  INFO 19676 --- [ngodb.net:27017] org.mongodb.driver.cluster               : Monitor thread successfully connected to server with description ServerDescription{address=ac-jv9akm5-shard-00-00.ojwn1on.mongodb.net:27017, type=REPLICA_SET_SECONDARY, state=CONNECTED, ok=true, minWireVersion=0, maxWireVersion=17, maxDocumentSize=16777216, logicalSessionTimeoutMinutes=30, roundTripTimeNanos=322659100, setName='atlas-5p2hqv-shard-0', canonicalAddress=ac-jv9akm5-shard-00-00.ojwn1on.mongodb.net:27017, hosts=[ac-jv9akm5-shard-00-00.ojwn1on.mongodb.net:27017, ac-jv9akm5-shard-00-01.ojwn1on.mongodb.net:27017, ac-jv9akm5-shard-00-02.ojwn1on.mongodb.net:27017], passives=[], arbiters=[], primary='ac-jv9akm5-shard-00-01.ojwn1on.mongodb.net:27017', tagSet=TagSet{[Tag{name='nodeType', value='ELECTABLE'}, Tag{name='provider', value='AWS'}, Tag{name='region', value='EU_WEST_1'}, Tag{name='workloadType', value='OPERATIONAL'}]}, electionId=null, setVersion=7, topologyVersion=TopologyVersion{processId=65328dfae9d58bfa5a7c6e75, counter=4}, lastWriteDate=Thu Nov 09 15:34:01 GMT 2023, lastUpdateTimeNanos=714476505380600}
2023-11-09T15:34:00.275Z  INFO 19676 --- [ngodb.net:27017] org.mongodb.driver.cluster               : Discovered replica set primary ac-jv9akm5-shard-00-01.ojwn1on.mongodb.net:27017 with max election id 7fffffff00000000000000fc and max set version 7
2023-11-09T15:34:00.998Z  INFO 19676 --- [           main] o.s.s.web.DefaultSecurityFilterChain     : Will secure any request with [org.springframework.security.web.session.DisableEncodeUrlFilter@194224ca, org.springframework.security.web.context.request.async.WebAsyncManagerIntegrationFilter@254e9709, org.springframework.security.web.context.SecurityContextHolderFilter@2211b44f, org.springframework.security.web.header.HeaderWriterFilter@1dca62c2, org.springframework.security.web.authentication.logout.LogoutFilter@61e14b53, org.springframework.security.web.authentication.www.BasicAuthenticationFilter@2673487b, org.springframework.security.web.savedrequest.RequestCacheAwareFilter@15f519f7, org.springframework.security.web.servletapi.SecurityContextHolderAwareRequestFilter@65af05b2, org.springframework.security.web.authentication.AnonymousAuthenticationFilter@350f18a6, org.springframework.security.web.access.ExceptionTranslationFilter@2c2a7d53, org.springframework.security.web.access.intercept.AuthorizationFilter@7752c0e7]
2023-11-09T15:34:01.866Z  INFO 19676 --- [           main] c.s.j.s.service.ServiceLayerTest         : Started ServiceLayerTest in 4.504 seconds (process running for 5.496)
]]></system-out>
  </testcase>
  <testcase name="testGetAllCommentsNonPaged" classname="com.sparta.jsonvoorhees.springapi.service.ServiceLayerTest" time="0.008"/>
  <testcase name="testGetAllSchedulesPaged" classname="com.sparta.jsonvoorhees.springapi.service.ServiceLayerTest" time="0.01"/>
  <testcase name="testGetMovie" classname="com.sparta.jsonvoorhees.springapi.service.ServiceLayerTest" time="0.008"/>
  <testcase name="TestDeleteMovieBad" classname="com.sparta.jsonvoorhees.springapi.service.ServiceLayerTest" time="0.006"/>
  <testcase name="TestAddTheaters" classname="com.sparta.jsonvoorhees.springapi.service.ServiceLayerTest" time="0.007"/>
  <testcase name="testCreateTheater" classname="com.sparta.jsonvoorhees.springapi.service.ServiceLayerTest" time="0.005"/>
  <testcase name="TestDeleteCommentBad" classname="com.sparta.jsonvoorhees.springapi.service.ServiceLayerTest" time="0.004"/>
  <testcase name="getAllMoviesWithTitleProvided" classname="com.sparta.jsonvoorhees.springapi.service.ServiceLayerTest" time="0.011"/>
  <testcase name="testCreateMovie" classname="com.sparta.jsonvoorhees.springapi.service.ServiceLayerTest" time="0.006"/>
  <testcase name="testGetAllUsers" classname="com.sparta.jsonvoorhees.springapi.service.ServiceLayerTest" time="0.003"/>
  <testcase name="testUpdateSchedule" classname="com.sparta.jsonvoorhees.springapi.service.ServiceLayerTest" time="0.004"/>
  <testcase name="testCreateSchedule" classname="com.sparta.jsonvoorhees.springapi.service.ServiceLayerTest" time="0.004"/>
  <testcase name="testGetTheater" classname="com.sparta.jsonvoorhees.springapi.service.ServiceLayerTest" time="0.006"/>
  <testcase name="testUpdateFilm" classname="com.sparta.jsonvoorhees.springapi.service.ServiceLayerTest" time="0.006"/>
  <testcase name="testUpdateUser" classname="com.sparta.jsonvoorhees.springapi.service.ServiceLayerTest" time="0.004"/>
  <testcase name="testUpdateTheater" classname="com.sparta.jsonvoorhees.springapi.service.ServiceLayerTest" time="0.004"/>
  <testcase name="getAllMoviesWithTitleNotProvided" classname="com.sparta.jsonvoorhees.springapi.service.ServiceLayerTest" time="0.004"/>
  <testcase name="testGetUser" classname="com.sparta.jsonvoorhees.springapi.service.ServiceLayerTest" time="0.003"/>
  <testcase name="getSchedulesForTheaters" classname="com.sparta.jsonvoorhees.springapi.service.ServiceLayerTest" time="0.004"/>
  <testcase name="TestAddUsers" classname="com.sparta.jsonvoorhees.springapi.service.ServiceLayerTest" time="0.004"/>
  <testcase name="testGetAllSchedulesNonPaged" classname="com.sparta.jsonvoorhees.springapi.service.ServiceLayerTest" time="0.004"/>
  <testcase name="TestDeleteScheduleBad" classname="com.sparta.jsonvoorhees.springapi.service.ServiceLayerTest" time="0.004"/>
  <testcase name="testGetAllUsersPaged" classname="com.sparta.jsonvoorhees.springapi.service.ServiceLayerTest" time="0.006"/>
  <testcase name="TestAddSchedules" classname="com.sparta.jsonvoorhees.springapi.service.ServiceLayerTest" time="0.005"/>
  <testcase name="testGetAllCommentsPaged" classname="com.sparta.jsonvoorhees.springapi.service.ServiceLayerTest" time="0.004"/>
  <testcase name="TestDeleteTheater" classname="com.sparta.jsonvoorhees.springapi.service.ServiceLayerTest" time="0.006"/>
  <testcase name="TestDeleteUser" classname="com.sparta.jsonvoorhees.springapi.service.ServiceLayerTest" time="0.005"/>
  <testcase name="testGetCommentsByMovie" classname="com.sparta.jsonvoorhees.springapi.service.ServiceLayerTest" time="0.005"/>
  <testcase name="getTheaterByTheaterId" classname="com.sparta.jsonvoorhees.springapi.service.ServiceLayerTest" time="0.004"/>
  <testcase name="getAllMoviesWithTitleProvidedPageable" classname="com.sparta.jsonvoorhees.springapi.service.ServiceLayerTest" time="0.005"/>
  <testcase name="testGetAllTheatersPaged" classname="com.sparta.jsonvoorhees.springapi.service.ServiceLayerTest" time="0.004"/>
  <testcase name="testCreateUser" classname="com.sparta.jsonvoorhees.springapi.service.ServiceLayerTest" time="0.005"/>
  <testcase name="testCreateComment" classname="com.sparta.jsonvoorhees.springapi.service.ServiceLayerTest" time="0.006"/>
  <testcase name="testGetAllTheatersNonPaged" classname="com.sparta.jsonvoorhees.springapi.service.ServiceLayerTest" time="0.005"/>
  <testcase name="TestDeleteTheaterBad" classname="com.sparta.jsonvoorhees.springapi.service.ServiceLayerTest" time="0.005"/>
  <testcase name="testGetSchedules" classname="com.sparta.jsonvoorhees.springapi.service.ServiceLayerTest" time="0.004"/>
  <testcase name="testGetAllUsersByNameNotProvided" classname="com.sparta.jsonvoorhees.springapi.service.ServiceLayerTest" time="0.004"/>
  <testcase name="testGetCommentsByUser" classname="com.sparta.jsonvoorhees.springapi.service.ServiceLayerTest" time="0.004"/>
  <testcase name="getAllMoviesWithTitleNotProvidedPagable" classname="com.sparta.jsonvoorhees.springapi.service.ServiceLayerTest" time="0.004"/>
  <testcase name="TestAddComments" classname="com.sparta.jsonvoorhees.springapi.service.ServiceLayerTest" time="0.005"/>
  <testcase name="testGetAllTheatersByCityProvided" classname="com.sparta.jsonvoorhees.springapi.service.ServiceLayerTest" time="0.004"/>
  <testcase name="testGetComment" classname="com.sparta.jsonvoorhees.springapi.service.ServiceLayerTest" time="0.003"/>
  <testcase name="TestAddMovies" classname="com.sparta.jsonvoorhees.springapi.service.ServiceLayerTest" time="0.006"/>
  <testcase name="testUpdateComment" classname="com.sparta.jsonvoorhees.springapi.service.ServiceLayerTest" time="0.003"/>
  <testcase name="TestDeleteMovie" classname="com.sparta.jsonvoorhees.springapi.service.ServiceLayerTest" time="0.003"/>
  <testcase name="testGetAllTheatersByCityNotProvided" classname="com.sparta.jsonvoorhees.springapi.service.ServiceLayerTest" time="0.004"/>
  <testcase name="testGetAllUsersByNameProvided" classname="com.sparta.jsonvoorhees.springapi.service.ServiceLayerTest" time="0.003"/>
  <testcase name="TestDeleteSchedule" classname="com.sparta.jsonvoorhees.springapi.service.ServiceLayerTest" time="0.005"/>
</testsuite>